#-----------------------------------------------------------
# Vivado v2018.1 (64-bit)
# SW Build 2188600 on Wed Apr  4 18:40:38 MDT 2018
# IP Build 2185939 on Wed Apr  4 20:55:05 MDT 2018
# Start of session at: Fri Jun  9 19:43:14 2023
# Process ID: 23472
# Current directory: C:/Users/Mamta Nallaretnam/Desktop/sem2/computer organization/Nanoprocessor1/Nanoprocessor1
# Command line: vivado.exe -gui_launcher_event rodinguilauncherevent14332 C:\Users\Mamta Nallaretnam\Desktop\sem2\computer organization\Nanoprocessor1\Nanoprocessor1\Nanoprocessor1.xpr
# Log file: C:/Users/Mamta Nallaretnam/Desktop/sem2/computer organization/Nanoprocessor1/Nanoprocessor1/vivado.log
# Journal file: C:/Users/Mamta Nallaretnam/Desktop/sem2/computer organization/Nanoprocessor1/Nanoprocessor1\vivado.jou
#-----------------------------------------------------------
start_gui
open_project {C:/Users/Mamta Nallaretnam/Desktop/sem2/computer organization/Nanoprocessor1/Nanoprocessor1/Nanoprocessor1.xpr}
INFO: [ProjectBase 1-489] The host OS only allows 260 characters in a normal path. The project is stored in a path with more than 80 characters. If you experience issues with IP, Block Designs, or files not being found, please consider moving the project to a location with a shorter path. Alternately consider using the OS subst command to map part of the path to a drive letter.
Current project path is 'C:/Users/Mamta Nallaretnam/Desktop/sem2/computer organization/Nanoprocessor1/Nanoprocessor1'
INFO: [Project 1-313] Project file moved from 'C:/Users/zayna/OneDrive/Desktop/Nanoprocessor1' since last save.
Scanning sources...
Finished scanning sources
INFO: [IP_Flow 19-234] Refreshing IP repositories
INFO: [IP_Flow 19-1704] No user IP repositories specified
INFO: [IP_Flow 19-2313] Loaded Vivado IP repository 'C:/Xilinx/Vivado/2018.1/data/ip'.
open_project: Time (s): cpu = 00:00:05 ; elapsed = 00:00:08 . Memory (MB): peak = 917.336 ; gain = 138.578
update_compile_order -fileset sources_1
launch_simulation
INFO: [Vivado 12-5682] Launching behavioral simulation in 'C:/Users/Mamta Nallaretnam/Desktop/sem2/computer organization/Nanoprocessor1/Nanoprocessor1/Nanoprocessor1.sim/sim_1/behav/xsim'
INFO: [SIM-utils-51] Simulation object is 'sim_1'
INFO: [SIM-utils-54] Inspecting design source files for 'TB_Nanoprocessor' in fileset 'sim_1'...
INFO: [USF-XSim-97] Finding global include files...
INFO: [USF-XSim-98] Fetching design files from 'sim_1'...
INFO: [USF-XSim-2] XSim::Compile design
INFO: [USF-XSim-61] Executing 'COMPILE and ANALYZE' step in 'C:/Users/Mamta Nallaretnam/Desktop/sem2/computer organization/Nanoprocessor1/Nanoprocessor1/Nanoprocessor1.sim/sim_1/behav/xsim'
"xvhdl --incr --relax -prj TB_Nanoprocessor_vhdl.prj"
INFO: [VRFC 10-163] Analyzing VHDL file "C:/Users/Mamta Nallaretnam/Desktop/sem2/computer organization/Nanoprocessor1/Nanoprocessor1/Nanoprocessor1.srcs/sources_1/new/Add_Sub_Unit.vhd" into library xil_defaultlib
INFO: [VRFC 10-307] analyzing entity Add_Sub_Unit
INFO: [VRFC 10-163] Analyzing VHDL file "C:/Users/Mamta Nallaretnam/Desktop/sem2/computer organization/Nanoprocessor1/Nanoprocessor1/Nanoprocessor1.srcs/sources_1/new/Adder_3_Bit.vhd" into library xil_defaultlib
INFO: [VRFC 10-307] analyzing entity Adder_3_Bit
INFO: [VRFC 10-163] Analyzing VHDL file "C:/Users/Mamta Nallaretnam/Desktop/sem2/computer organization/Nanoprocessor1/Nanoprocessor1/Nanoprocessor1.srcs/sources_1/new/Decoder_3_to_8.vhd" into library xil_defaultlib
INFO: [VRFC 10-307] analyzing entity Decoder_3_to_8
INFO: [VRFC 10-163] Analyzing VHDL file "C:/Users/Mamta Nallaretnam/Desktop/sem2/computer organization/Nanoprocessor1/Nanoprocessor1/Nanoprocessor1.srcs/sources_1/new/FA.vhd" into library xil_defaultlib
INFO: [VRFC 10-307] analyzing entity FA
INFO: [VRFC 10-163] Analyzing VHDL file "C:/Users/Mamta Nallaretnam/Desktop/sem2/computer organization/Nanoprocessor1/Nanoprocessor1/Nanoprocessor1.srcs/sources_1/new/HA.vhd" into library xil_defaultlib
INFO: [VRFC 10-307] analyzing entity HA
INFO: [VRFC 10-163] Analyzing VHDL file "C:/Users/Mamta Nallaretnam/Desktop/sem2/computer organization/Nanoprocessor1/Nanoprocessor1/Nanoprocessor1.srcs/sources_1/new/Instruction_Decoder.vhd" into library xil_defaultlib
INFO: [VRFC 10-307] analyzing entity Instuction_Decoder
INFO: [VRFC 10-163] Analyzing VHDL file "C:/Users/Mamta Nallaretnam/Desktop/sem2/computer organization/Nanoprocessor1/Nanoprocessor1/Nanoprocessor1.srcs/sources_1/new/MUX_2_way_3_Bit.vhd" into library xil_defaultlib
INFO: [VRFC 10-307] analyzing entity MUX_2_way_3_Bit
INFO: [VRFC 10-163] Analyzing VHDL file "C:/Users/Mamta Nallaretnam/Desktop/sem2/computer organization/Nanoprocessor1/Nanoprocessor1/Nanoprocessor1.srcs/sources_1/new/MUX_2_way_4_Bit.vhd" into library xil_defaultlib
INFO: [VRFC 10-307] analyzing entity MUX_2_way_4_Bit
INFO: [VRFC 10-163] Analyzing VHDL file "C:/Users/Mamta Nallaretnam/Desktop/sem2/computer organization/Nanoprocessor1/Nanoprocessor1/Nanoprocessor1.srcs/sources_1/new/MUX_8_way_4_Bit.vhd" into library xil_defaultlib
INFO: [VRFC 10-307] analyzing entity MUX_8_way_4_Bit
INFO: [VRFC 10-163] Analyzing VHDL file "C:/Users/Mamta Nallaretnam/Desktop/sem2/computer organization/Nanoprocessor1/Nanoprocessor1/Nanoprocessor1.srcs/sources_1/new/NanoProcessor.vhd" into library xil_defaultlib
INFO: [VRFC 10-307] analyzing entity NanoProcessor
INFO: [VRFC 10-163] Analyzing VHDL file "C:/Users/Mamta Nallaretnam/Desktop/sem2/computer organization/Nanoprocessor1/Nanoprocessor1/Nanoprocessor1.srcs/sources_1/new/Program_Counter.vhd" into library xil_defaultlib
INFO: [VRFC 10-307] analyzing entity Program_Counter
INFO: [VRFC 10-163] Analyzing VHDL file "C:/Users/Mamta Nallaretnam/Desktop/sem2/computer organization/Nanoprocessor1/Nanoprocessor1/Nanoprocessor1.srcs/sources_1/new/Program_Rom.vhd" into library xil_defaultlib
INFO: [VRFC 10-307] analyzing entity Program_Rom
INFO: [VRFC 10-163] Analyzing VHDL file "C:/Users/Mamta Nallaretnam/Desktop/sem2/computer organization/Nanoprocessor1/Nanoprocessor1/Nanoprocessor1.srcs/sources_1/new/Reg.vhd" into library xil_defaultlib
INFO: [VRFC 10-307] analyzing entity Reg
INFO: [VRFC 10-163] Analyzing VHDL file "C:/Users/Mamta Nallaretnam/Desktop/sem2/computer organization/Nanoprocessor1/Nanoprocessor1/Nanoprocessor1.srcs/sources_1/new/Reg_Bank.vhd" into library xil_defaultlib
INFO: [VRFC 10-307] analyzing entity Reg_Bank
INFO: [VRFC 10-163] Analyzing VHDL file "C:/Users/Mamta Nallaretnam/Desktop/sem2/computer organization/Nanoprocessor1/Nanoprocessor1/Nanoprocessor1.srcs/sources_1/new/SevenSeg_LUT_16_7.vhd" into library xil_defaultlib
INFO: [VRFC 10-307] analyzing entity SevenSeg_LUT_16_7
INFO: [VRFC 10-163] Analyzing VHDL file "C:/Users/Mamta Nallaretnam/Desktop/sem2/computer organization/Nanoprocessor1/Nanoprocessor1/Nanoprocessor1.srcs/sources_1/new/Slow_Clk.vhd" into library xil_defaultlib
INFO: [VRFC 10-307] analyzing entity Slow_Clk
INFO: [VRFC 10-163] Analyzing VHDL file "C:/Users/Mamta Nallaretnam/Desktop/sem2/computer organization/Nanoprocessor1/Nanoprocessor1/Nanoprocessor1.srcs/sim_1/new/TB_NanoProcessor.vhd" into library xil_defaultlib
INFO: [VRFC 10-307] analyzing entity TB_Nanoprocessor
INFO: [USF-XSim-69] 'compile' step finished in '3' seconds
INFO: [USF-XSim-3] XSim::Elaborate design
INFO: [USF-XSim-61] Executing 'ELABORATE' step in 'C:/Users/Mamta Nallaretnam/Desktop/sem2/computer organization/Nanoprocessor1/Nanoprocessor1/Nanoprocessor1.sim/sim_1/behav/xsim'
Vivado Simulator 2018.1
Copyright 1986-1999, 2001-2017 Xilinx, Inc. All Rights Reserved.
Running: C:/Xilinx/Vivado/2018.1/bin/unwrapped/win64.o/xelab.exe -wto 7c2683d485124736b0fe344126b02973 --incr --debug typical --relax --mt 2 -L xil_defaultlib -L secureip --snapshot TB_Nanoprocessor_behav xil_defaultlib.TB_Nanoprocessor -log elaborate.log 
Using 2 slave threads.
Starting static elaboration
Completed static elaboration
Starting simulation data flow analysis
Completed simulation data flow analysis
Time Resolution for simulation is 1ps
Compiling package std.standard
Compiling package std.textio
Compiling package ieee.std_logic_1164
Compiling package ieee.numeric_std
Compiling architecture behavioral of entity xil_defaultlib.SevenSeg_LUT_16_7 [sevenseg_lut_16_7_default]
Compiling architecture behavioral of entity xil_defaultlib.Slow_Clk [slow_clk_default]
Compiling architecture behavioral of entity xil_defaultlib.Program_Rom [program_rom_default]
Compiling architecture behavioral of entity xil_defaultlib.Program_Counter [program_counter_default]
Compiling architecture behavioral of entity xil_defaultlib.Instuction_Decoder [instuction_decoder_default]
Compiling architecture behavioral of entity xil_defaultlib.Decoder_3_to_8 [decoder_3_to_8_default]
Compiling architecture behavioral of entity xil_defaultlib.Reg [reg_default]
Compiling architecture behavioral of entity xil_defaultlib.Reg_Bank [reg_bank_default]
Compiling architecture behavioral of entity xil_defaultlib.HA [ha_default]
Compiling architecture behavioral of entity xil_defaultlib.FA [fa_default]
Compiling architecture behavioral of entity xil_defaultlib.Add_Sub_Unit [add_sub_unit_default]
Compiling architecture behavioral of entity xil_defaultlib.MUX_2_way_4_Bit [mux_2_way_4_bit_default]
Compiling architecture behavioral of entity xil_defaultlib.MUX_8_way_4_Bit [mux_8_way_4_bit_default]
Compiling architecture behavioral of entity xil_defaultlib.Adder_3_Bit [adder_3_bit_default]
Compiling architecture behavioral of entity xil_defaultlib.MUX_2_way_3_Bit [mux_2_way_3_bit_default]
Compiling architecture behavioral of entity xil_defaultlib.NanoProcessor [nanoprocessor_default]
Compiling architecture behavioral of entity xil_defaultlib.tb_nanoprocessor
Built simulation snapshot TB_Nanoprocessor_behav
INFO: [USF-XSim-69] 'elaborate' step finished in '4' seconds
INFO: [USF-XSim-4] XSim::Simulate design
INFO: [USF-XSim-61] Executing 'SIMULATE' step in 'C:/Users/Mamta Nallaretnam/Desktop/sem2/computer organization/Nanoprocessor1/Nanoprocessor1/Nanoprocessor1.sim/sim_1/behav/xsim'
INFO: [USF-XSim-98] *** Running xsim
   with args "TB_Nanoprocessor_behav -key {Behavioral:sim_1:Functional:TB_Nanoprocessor} -tclbatch {TB_Nanoprocessor.tcl} -log {simulate.log}"
INFO: [USF-XSim-8] Loading simulator feature
Vivado Simulator 2018.1
Time resolution is 1 ps
source TB_Nanoprocessor.tcl
# set curr_wave [current_wave_config]
# if { [string length $curr_wave] == 0 } {
#   if { [llength [get_objects]] > 0} {
#     add_wave /
#     set_property needs_save false [current_wave_config]
#   } else {
#      send_msg_id Add_Wave-1 WARNING "No top level signals found. Simulator will start without a wave window. If you want to open a wave window go to 'File->New Waveform Configuration' or type 'create_wave_config' in the TCL console."
#   }
# }
# run 1000ns
INFO: [USF-XSim-96] XSim completed. Design snapshot 'TB_Nanoprocessor_behav' loaded.
INFO: [USF-XSim-97] XSim simulation ran for 1000ns
launch_simulation: Time (s): cpu = 00:00:03 ; elapsed = 00:00:10 . Memory (MB): peak = 961.812 ; gain = 13.504
close_sim
INFO: [Simtcl 6-16] Simulation closed
exit
INFO: [Common 17-206] Exiting Vivado at Sat Jun 10 08:09:08 2023...
